Reply check at 2026-04-02 00:45
  Found 6 mentions, 6 already replied
  Done: 0 new replies posted
Reply check at 2026-04-02 01:00
  Found 6 mentions, 6 already replied
  Done: 0 new replies posted
Reply check at 2026-04-02 01:15
  Found 6 mentions, 6 already replied
  Done: 0 new replies posted
Reply check at 2026-04-02 01:30
  Found 6 mentions, 6 already replied
  Done: 0 new replies posted
Reply check at 2026-04-02 01:45
  Found 6 mentions, 6 already replied
  Done: 0 new replies posted
Reply check at 2026-04-02 02:00
  Found 6 mentions, 6 already replied
  Done: 0 new replies posted
Reply check at 2026-04-02 02:15
  Found 6 mentions, 6 already replied
  Done: 0 new replies posted
Reply check at 2026-04-02 02:30
  Found 6 mentions, 6 already replied
  Done: 0 new replies posted
Reply check at 2026-04-02 02:45
  Found 6 mentions, 6 already replied
  Done: 0 new replies posted
Reply check at 2026-04-02 03:00
  Found 6 mentions, 6 already replied
  Done: 0 new replies posted
Reply check at 2026-04-02 03:15
  Found 6 mentions, 6 already replied
  Done: 0 new replies posted
Reply check at 2026-04-02 03:30
  Found 6 mentions, 6 already replied
  Done: 0 new replies posted
Reply check at 2026-04-02 03:45
  Found 6 mentions, 6 already replied
  Done: 0 new replies posted
Reply check at 2026-04-02 04:00
  Found 6 mentions, 6 already replied
  Done: 0 new replies posted
Reply check at 2026-04-02 04:15
  Found 5 mentions, 6 already replied
  Done: 0 new replies posted
Reply check at 2026-04-02 04:30
  Found 5 mentions, 6 already replied
  Done: 0 new replies posted
Reply check at 2026-04-02 04:45
  Found 5 mentions, 6 already replied
  Done: 0 new replies posted
Reply check at 2026-04-02 05:00
  Found 5 mentions, 6 already replied
  Done: 0 new replies posted
Reply check at 2026-04-02 05:15
  Found 5 mentions, 6 already replied
  Done: 0 new replies posted
Reply check at 2026-04-02 05:30
  Found 4 mentions, 6 already replied
  Done: 0 new replies posted
Reply check at 2026-04-02 05:45
  Found 4 mentions, 6 already replied
  New mention from @byndtmmrwsedge: @Dexifried @KeyTryer Still waiting.......
  OK Replied: 2039640239354896514 -> to 2039639815130415158
  Done: 1 new replies posted
Reply check at 2026-04-02 06:00
  Found 4 mentions, 7 already replied
  Done: 0 new replies posted
Reply check at 2026-04-02 06:15
  Found 4 mentions, 7 already replied
  Done: 0 new replies posted
Reply check at 2026-04-02 06:30
  Found 4 mentions, 7 already replied
  Done: 0 new replies posted
Reply check at 2026-04-02 06:45
  Found 4 mentions, 7 already replied
  Done: 0 new replies posted
Reply check at 2026-04-02 07:00
  Found 3 mentions, 7 already replied
  Done: 0 new replies posted
Reply check at 2026-04-02 07:15
  Found 3 mentions, 7 already replied
  Done: 0 new replies posted
Reply check at 2026-04-02 07:30
  Found 3 mentions, 7 already replied
  Done: 0 new replies posted
Reply check at 2026-04-02 07:45
  Found 2 mentions, 7 already replied
  Done: 0 new replies posted
Reply check at 2026-04-02 08:00
  Found 2 mentions, 7 already replied
  Done: 0 new replies posted
Reply check at 2026-04-02 08:15
  Found 2 mentions, 7 already replied
  Done: 0 new replies posted
Reply check at 2026-04-02 08:30
  Found 2 mentions, 7 already replied
  Done: 0 new replies posted
Reply check at 2026-04-02 08:45
  Found 2 mentions, 7 already replied
  Done: 0 new replies posted
Reply check at 2026-04-02 09:00
FAIL getting mentions (503): no healthy upstream
  Found 0 mentions, 7 already replied
  Done: 0 new replies posted
Reply check at 2026-04-02 09:15
  Found 2 mentions, 7 already replied
  Done: 0 new replies posted
Reply check at 2026-04-02 09:30
  Found 2 mentions, 7 already replied
  Done: 0 new replies posted
Reply check at 2026-04-02 09:45
  Found 1 mentions, 7 already replied
  Done: 0 new replies posted
Reply check at 2026-04-02 10:00
  Found 0 mentions, 7 already replied
  Done: 0 new replies posted
Reply check at 2026-04-02 10:15
  Found 0 mentions, 7 already replied
  Done: 0 new replies posted
Reply check at 2026-04-02 10:30
  Found 0 mentions, 7 already replied
  Done: 0 new replies posted
Reply check at 2026-04-02 10:45
  Found 0 mentions, 7 already replied
  Done: 0 new replies posted
Reply check at 2026-04-02 11:00
  Found 0 mentions, 7 already replied
  Done: 0 new replies posted
Reply check at 2026-04-02 11:15
  Found 0 mentions, 7 already replied
  Done: 0 new replies posted
Reply check at 2026-04-02 11:30
  Found 0 mentions, 7 already replied
  Done: 0 new replies posted
Reply check at 2026-04-02 11:45
  Found 0 mentions, 7 already replied
  Done: 0 new replies posted
Reply check at 2026-04-02 12:00
  Found 0 mentions, 7 already replied
  Done: 0 new replies posted
Reply check at 2026-04-02 12:15
  Found 0 mentions, 7 already replied
  Done: 0 new replies posted
Reply check at 2026-04-02 12:30
  Mentions: 0, already replied: 7
  Conversation replies to check: 0
  Done: 0 new replies posted
Reply check at 2026-04-02 12:45
  Mentions: 9, replied before: 11
  Done: 0 new replies
Reply check at 2026-04-02 13:00
  Mentions: 8, replied before: 12
  Done: 0 new replies
Reply check at 2026-04-02 13:15
  Mentions: 7, replied before: 12
  Done: 0 new replies
Reply check at 2026-04-02 13:30
  Mentions: 5, replied before: 12
  Done: 0 new replies
Reply check at 2026-04-02 13:45
  Mentions: 5, replied before: 12
  Done: 0 new replies
Reply check at 2026-04-02 14:00
  Mentions: 5, replied before: 12
  Done: 0 new replies
Reply check at 2026-04-02 14:15
  Mentions: 5, replied before: 17
  Done: 0 new replies
Reply check at 2026-04-02 14:30
  Mentions: 5, replied before: 18
  Done: 0 new replies
Reply check at 2026-04-02 14:45
  Mentions: 5, replied before: 18
  Done: 0 new replies
Reply check at 2026-04-02 15:00
  Mentions: 4, replied before: 18
  Done: 0 new replies
Reply check at 2026-04-02 15:15
  Mentions: 4, replied before: 18
  Done: 0 new replies
Reply check at 2026-04-02 15:30
  Mentions: 4, replied before: 18
  Done: 0 new replies
Reply check at 2026-04-02 15:45
  Mentions: 4, replied before: 18
  Done: 0 new replies
Reply check at 2026-04-02 16:00
  Mentions: 80, replied: 86
  ❌ @Gyr0_Zeppeli0: FAIL
  Done: 0 replies, 0 skipped, 86 total
Reply check at 2026-04-02 16:15
  Mentions: 80, replied: 86
  FAIL (403): {"detail":"You are not allowed to reply to this Tweet as the Tweet author has restricted who can reply to this Tweet.","type":"about:blank","title":"F
  FAIL @Gyr0_Zeppeli0
  Done: 0 replies, 86 total
Reply check at 2026-04-02 16:30
  Mentions: 79, replied: 86
  FAIL (403): {"detail":"You are not allowed to reply to this Tweet as the Tweet author has restricted who can reply to this Tweet.","type":"about:blank","title":"F
  FAIL @Gyr0_Zeppeli0
  Done: 0 replies, 86 total
Reply check at 2026-04-02 16:45
  Mentions: 79, replied: 86
  FAIL (403): {"detail":"You are not allowed to reply to this Tweet as the Tweet author has restricted who can reply to this Tweet.","type":"about:blank","title":"F
  FAIL @Gyr0_Zeppeli0
  Done: 0 replies, 86 total
Reply check at 2026-04-02 17:00
  Mentions: 79, replied: 86
  FAIL (403): {"detail":"You are not allowed to reply to this Tweet as the Tweet author has restricted who can reply to this Tweet.","type":"about:blank","title":"F
  FAIL @Gyr0_Zeppeli0
  Done: 0 replies, 86 total
Reply check at 2026-04-02 17:15 EDT
  Mentions fetched: 79 | previously processed: 86 | dry_run=False
  @Gyr0_Zeppeli0: post failed (403: {"detail":"You are not allowed to reply to this Tweet as the Tweet author has restricted who can reply to this Tweet.","type":"about:blank","title":"Forbidden","status":403}); will retry next run.
  Done: 0 replies | 0 skipped | 86 processed total
